#! /usr/local/bin/vvp
:ivl_version "0.9.7 " "(v0_9_7)";
:vpi_time_precision - 12;
:vpi_module "system";
:vpi_module "v2005_math";
:vpi_module "va_math";
S_0x96f7648 .scope module, "mux_16to1_test" "mux_16to1_test" 2 25;
 .timescale -9 -12;
v0x97267c8_0 .var "A", 3 0;
v0x9726a08_0 .var "B", 3 0;
v0x9726a58_0 .var "C", 3 0;
v0x9726aa8_0 .var "D", 3 0;
v0x9726af8_0 .var "E", 3 0;
v0x9726b48_0 .var "F", 3 0;
v0x9726b98_0 .var "G", 3 0;
v0x9726be8_0 .var "H", 3 0;
v0x9726c38_0 .var "I", 3 0;
v0x9726c88_0 .var "J", 3 0;
v0x9726cd8_0 .var "K", 3 0;
v0x9726d28_0 .var "L", 3 0;
v0x9726d78_0 .var "M", 3 0;
v0x9726dc8_0 .var "N", 3 0;
v0x9726e18_0 .var "O", 3 0;
v0x9726e68_0 .var "P", 3 0;
v0x9726f00_0 .var "S", 3 0;
v0x9726f50_0 .net "Z", 3 0, L_0x9728588; 1 drivers
v0x9726ff0_0 .var "i", 3 0;
S_0x96f8260 .scope module, "uut" "mux_16to1" 2 52, 3 9, S_0x96f7648;
 .timescale -9 -12;
P_0x96f82e4 .param/l "WIDTH" 3 11, +C4<0100>;
v0x9725cb0_0 .net "A", 3 0, v0x97267c8_0; 1 drivers
v0x9725d38_0 .net "B", 3 0, v0x9726a08_0; 1 drivers
v0x9725dc0_0 .net "C", 3 0, v0x9726a58_0; 1 drivers
v0x9725e48_0 .net "D", 3 0, v0x9726aa8_0; 1 drivers
v0x9725ed0_0 .net "E", 3 0, v0x9726af8_0; 1 drivers
v0x9725f58_0 .net "F", 3 0, v0x9726b48_0; 1 drivers
v0x9725fe0_0 .net "G", 3 0, v0x9726b98_0; 1 drivers
v0x9726068_0 .net "H", 3 0, v0x9726be8_0; 1 drivers
v0x9726118_0 .net "I", 3 0, v0x9726c38_0; 1 drivers
v0x97261a0_0 .net "J", 3 0, v0x9726c88_0; 1 drivers
v0x9726220_0 .net "K", 3 0, v0x9726cd8_0; 1 drivers
v0x97262a8_0 .net "L", 3 0, v0x9726d28_0; 1 drivers
v0x9726368_0 .net "M", 3 0, v0x9726d78_0; 1 drivers
v0x9726420_0 .net "N", 3 0, v0x9726dc8_0; 1 drivers
v0x97264b0_0 .net "O", 3 0, v0x9726e18_0; 1 drivers
v0x9726500_0 .net "P", 3 0, v0x9726e68_0; 1 drivers
v0x97265d0_0 .net "S", 3 0, v0x9726f00_0; 1 drivers
v0x9726620_0 .alias "Z", 3 0, v0x9726f50_0;
v0x97266c0_0 .net "mux_0_out", 3 0, L_0x9727320; 1 drivers
v0x9726778_0 .net "mux_1_out", 3 0, L_0x9727828; 1 drivers
v0x9726670_0 .net "mux_2_out", 3 0, L_0x9727cc8; 1 drivers
v0x97268f0_0 .net "mux_3_out", 3 0, L_0x9728200; 1 drivers
L_0x9727490 .part v0x9726f00_0, 0, 2;
L_0x9727998 .part v0x9726f00_0, 0, 2;
L_0x9727e48 .part v0x9726f00_0, 0, 2;
L_0x9728380 .part v0x9726f00_0, 0, 2;
L_0x9728770 .part v0x9726f00_0, 2, 2;
S_0x9725158 .scope module, "MUX_0" "mux_4to1" 3 21, 4 9, S_0x96f8260;
 .timescale -9 -12;
P_0x9724224 .param/l "WIDTH" 4 11, +C4<0100>;
v0x97258e0_0 .alias "A", 3 0, v0x9725cb0_0;
v0x9725950_0 .alias "B", 3 0, v0x9725d38_0;
v0x97259c0_0 .alias "C", 3 0, v0x9725dc0_0;
v0x9725a30_0 .alias "D", 3 0, v0x9725e48_0;
v0x9725ab8_0 .net "S", 1 0, L_0x9727490; 1 drivers
v0x9725b08_0 .alias "Z", 3 0, v0x97266c0_0;
v0x9725b78_0 .net "mux_0_out", 3 0, L_0x9727040; 1 drivers
v0x9725c00_0 .net "mux_1_out", 3 0, L_0x97271b0; 1 drivers
L_0x9727160 .part L_0x9727490, 0, 1;
L_0x97272d0 .part L_0x9727490, 0, 1;
L_0x9727440 .part L_0x9727490, 1, 1;
S_0x9725670 .scope module, "MUX_0" "mux_2to1" 4 21, 5 9, S_0x9725158;
 .timescale -9 -12;
P_0x97256f4 .param/l "N" 5 11, +C4<0100>;
v0x9725750_0 .net "S", 0 0, L_0x9727160; 1 drivers
v0x97257b0_0 .alias "X", 3 0, v0x9725cb0_0;
v0x9725810_0 .alias "Y", 3 0, v0x9725d38_0;
v0x9725870_0 .alias "Z", 3 0, v0x9725b78_0;
L_0x9727040 .functor MUXZ 4, v0x97267c8_0, v0x9726a08_0, L_0x9727160, C4<>;
S_0x9725430 .scope module, "MUX_1" "mux_2to1" 4 22, 5 9, S_0x9725158;
 .timescale -9 -12;
P_0x9722bcc .param/l "N" 5 11, +C4<0100>;
v0x97254f0_0 .net "S", 0 0, L_0x97272d0; 1 drivers
v0x9725560_0 .alias "X", 3 0, v0x9725dc0_0;
v0x97255c0_0 .alias "Y", 3 0, v0x9725e48_0;
v0x9725620_0 .alias "Z", 3 0, v0x9725c00_0;
L_0x97271b0 .functor MUXZ 4, v0x9726a58_0, v0x9726aa8_0, L_0x97272d0, C4<>;
S_0x9725200 .scope module, "MUX_2" "mux_2to1" 4 23, 5 9, S_0x9725158;
 .timescale -9 -12;
P_0x9725004 .param/l "N" 5 11, +C4<0100>;
v0x97252a8_0 .net "S", 0 0, L_0x9727440; 1 drivers
v0x97252f8_0 .alias "X", 3 0, v0x9725b78_0;
v0x9725348_0 .alias "Y", 3 0, v0x9725c00_0;
v0x97253a8_0 .alias "Z", 3 0, v0x97266c0_0;
L_0x9727320 .functor MUXZ 4, L_0x9727040, L_0x97271b0, L_0x9727440, C4<>;
S_0x97245f0 .scope module, "MUX_1" "mux_4to1" 3 22, 4 9, S_0x96f8260;
 .timescale -9 -12;
P_0x9723734 .param/l "WIDTH" 4 11, +C4<0100>;
v0x9724d88_0 .alias "A", 3 0, v0x9725ed0_0;
v0x9724df8_0 .alias "B", 3 0, v0x9725f58_0;
v0x9724e68_0 .alias "C", 3 0, v0x9725fe0_0;
v0x9724ed8_0 .alias "D", 3 0, v0x9726068_0;
v0x9724f60_0 .net "S", 1 0, L_0x9727998; 1 drivers
v0x9724fb0_0 .alias "Z", 3 0, v0x9726778_0;
v0x9725020_0 .net "mux_0_out", 3 0, L_0x9727548; 1 drivers
v0x97250a8_0 .net "mux_1_out", 3 0, L_0x97276b8; 1 drivers
L_0x9727668 .part L_0x9727998, 0, 1;
L_0x97277d8 .part L_0x9727998, 0, 1;
L_0x9727948 .part L_0x9727998, 1, 1;
S_0x9724b18 .scope module, "MUX_0" "mux_2to1" 4 21, 5 9, S_0x97245f0;
 .timescale -9 -12;
P_0x9724b9c .param/l "N" 5 11, +C4<0100>;
v0x9724bf8_0 .net "S", 0 0, L_0x9727668; 1 drivers
v0x9724c58_0 .alias "X", 3 0, v0x9725ed0_0;
v0x9724cb8_0 .alias "Y", 3 0, v0x9725f58_0;
v0x9724d18_0 .alias "Z", 3 0, v0x9725020_0;
L_0x9727548 .functor MUXZ 4, v0x9726af8_0, v0x9726b48_0, L_0x9727668, C4<>;
S_0x97248d8 .scope module, "MUX_1" "mux_2to1" 4 22, 5 9, S_0x97245f0;
 .timescale -9 -12;
P_0x9722c3c .param/l "N" 5 11, +C4<0100>;
v0x9724998_0 .net "S", 0 0, L_0x97277d8; 1 drivers
v0x9724a08_0 .alias "X", 3 0, v0x9725fe0_0;
v0x9724a68_0 .alias "Y", 3 0, v0x9726068_0;
v0x9724ac8_0 .alias "Z", 3 0, v0x97250a8_0;
L_0x97276b8 .functor MUXZ 4, v0x9726b98_0, v0x9726be8_0, L_0x97277d8, C4<>;
S_0x9724698 .scope module, "MUX_2" "mux_2to1" 4 23, 5 9, S_0x97245f0;
 .timescale -9 -12;
P_0x972449c .param/l "N" 5 11, +C4<0100>;
v0x9724740_0 .net "S", 0 0, L_0x9727948; 1 drivers
v0x9724790_0 .alias "X", 3 0, v0x9725020_0;
v0x97247f0_0 .alias "Y", 3 0, v0x97250a8_0;
v0x9724850_0 .alias "Z", 3 0, v0x9726778_0;
L_0x9727828 .functor MUXZ 4, L_0x9727548, L_0x97276b8, L_0x9727948, C4<>;
S_0x9723ab0 .scope module, "MUX_2" "mux_4to1" 3 23, 4 9, S_0x96f8260;
 .timescale -9 -12;
P_0x9722b5c .param/l "WIDTH" 4 11, +C4<0100>;
v0x9724240_0 .alias "A", 3 0, v0x9726118_0;
v0x97242b0_0 .alias "B", 3 0, v0x9726220_0;
v0x9724320_0 .alias "C", 3 0, v0x97262a8_0;
v0x9724390_0 .alias "D", 3 0, v0x9726368_0;
v0x97243f8_0 .net "S", 1 0, L_0x9727e48; 1 drivers
v0x9724448_0 .alias "Z", 3 0, v0x9726670_0;
v0x97244b8_0 .net "mux_0_out", 3 0, L_0x9727a50; 1 drivers
v0x9724540_0 .net "mux_1_out", 3 0, L_0x9727bc0; 1 drivers
L_0x9727b70 .part L_0x9727e48, 0, 1;
L_0x9727c78 .part L_0x9727e48, 0, 1;
L_0x9727df8 .part L_0x9727e48, 1, 1;
S_0x9723ff0 .scope module, "MUX_0" "mux_2to1" 4 21, 5 9, S_0x9723ab0;
 .timescale -9 -12;
P_0x97236c4 .param/l "N" 5 11, +C4<0100>;
v0x97240b0_0 .net "S", 0 0, L_0x9727b70; 1 drivers
v0x9724110_0 .alias "X", 3 0, v0x9726118_0;
v0x9724170_0 .alias "Y", 3 0, v0x9726220_0;
v0x97241d0_0 .alias "Z", 3 0, v0x97244b8_0;
L_0x9727a50 .functor MUXZ 4, v0x9726c38_0, v0x9726cd8_0, L_0x9727b70, C4<>;
S_0x9723d88 .scope module, "MUX_1" "mux_2to1" 4 22, 5 9, S_0x9723ab0;
 .timescale -9 -12;
P_0x9722cac .param/l "N" 5 11, +C4<0100>;
v0x9723e48_0 .net "S", 0 0, L_0x9727c78; 1 drivers
v0x9723eb8_0 .alias "X", 3 0, v0x97262a8_0;
v0x9723f18_0 .alias "Y", 3 0, v0x9726368_0;
v0x9723fa0_0 .alias "Z", 3 0, v0x9724540_0;
L_0x9727bc0 .functor MUXZ 4, v0x9726d28_0, v0x9726d78_0, L_0x9727c78, C4<>;
S_0x9723b58 .scope module, "MUX_2" "mux_2to1" 4 23, 5 9, S_0x9723ab0;
 .timescale -9 -12;
P_0x972395c .param/l "N" 5 11, +C4<0100>;
v0x9723c00_0 .net "S", 0 0, L_0x9727df8; 1 drivers
v0x9723c50_0 .alias "X", 3 0, v0x97244b8_0;
v0x9723ca0_0 .alias "Y", 3 0, v0x9724540_0;
v0x9723d00_0 .alias "Z", 3 0, v0x9726670_0;
L_0x9727cc8 .functor MUXZ 4, L_0x9727a50, L_0x9727bc0, L_0x9727df8, C4<>;
S_0x9722f68 .scope module, "MUX_3" "mux_4to1" 3 24, 4 9, S_0x96f8260;
 .timescale -9 -12;
P_0x97228ec .param/l "WIDTH" 4 11, +C4<0100>;
v0x97236e0_0 .alias "A", 3 0, v0x9726368_0;
v0x9723750_0 .alias "B", 3 0, v0x9726420_0;
v0x97237c0_0 .alias "C", 3 0, v0x97264b0_0;
v0x9723830_0 .alias "D", 3 0, v0x9726500_0;
v0x97238b8_0 .net "S", 1 0, L_0x9728380; 1 drivers
v0x9723908_0 .alias "Z", 3 0, v0x97268f0_0;
v0x9723978_0 .net "mux_0_out", 3 0, L_0x9727f68; 1 drivers
v0x9723a00_0 .net "mux_1_out", 3 0, L_0x9728080; 1 drivers
L_0x9728030 .part L_0x9728380, 0, 1;
L_0x97281b0 .part L_0x9728380, 0, 1;
L_0x9728330 .part L_0x9728380, 1, 1;
S_0x9723470 .scope module, "MUX_0" "mux_2to1" 4 21, 5 9, S_0x9722f68;
 .timescale -9 -12;
P_0x97234f4 .param/l "N" 5 11, +C4<0100>;
v0x9723550_0 .net "S", 0 0, L_0x9728030; 1 drivers
v0x97235b0_0 .alias "X", 3 0, v0x9726368_0;
v0x9723610_0 .alias "Y", 3 0, v0x9726420_0;
v0x9723670_0 .alias "Z", 3 0, v0x9723978_0;
L_0x9727f68 .functor MUXZ 4, v0x9726d78_0, v0x9726dc8_0, L_0x9728030, C4<>;
S_0x9723230 .scope module, "MUX_1" "mux_2to1" 4 22, 5 9, S_0x9722f68;
 .timescale -9 -12;
P_0x9722d34 .param/l "N" 5 11, +C4<0100>;
v0x97232f0_0 .net "S", 0 0, L_0x97281b0; 1 drivers
v0x9723360_0 .alias "X", 3 0, v0x97264b0_0;
v0x97233c0_0 .alias "Y", 3 0, v0x9726500_0;
v0x9723420_0 .alias "Z", 3 0, v0x9723a00_0;
L_0x9728080 .functor MUXZ 4, v0x9726e18_0, v0x9726e68_0, L_0x97281b0, C4<>;
S_0x9723010 .scope module, "MUX_2" "mux_2to1" 4 23, 5 9, S_0x9722f68;
 .timescale -9 -12;
P_0x9722df4 .param/l "N" 5 11, +C4<0100>;
v0x97230b8_0 .net "S", 0 0, L_0x9728330; 1 drivers
v0x9723108_0 .alias "X", 3 0, v0x9723978_0;
v0x9723158_0 .alias "Y", 3 0, v0x9723a00_0;
v0x97231a8_0 .alias "Z", 3 0, v0x97268f0_0;
L_0x9728200 .functor MUXZ 4, L_0x9727f68, L_0x9728080, L_0x9728330, C4<>;
S_0x96fe4b8 .scope module, "MUX_4" "mux_4to1" 3 25, 4 9, S_0x96f8260;
 .timescale -9 -12;
P_0x96c6b7c .param/l "WIDTH" 4 11, +C4<0100>;
v0x9722b78_0 .alias "A", 3 0, v0x97266c0_0;
v0x9722be8_0 .alias "B", 3 0, v0x9726778_0;
v0x9722c58_0 .alias "C", 3 0, v0x9726670_0;
v0x9722cc8_0 .alias "D", 3 0, v0x97268f0_0;
v0x9722d50_0 .net "S", 1 0, L_0x9728770; 1 drivers
v0x9722da0_0 .alias "Z", 3 0, v0x9726f50_0;
v0x9722e30_0 .net "mux_0_out", 3 0, L_0x9728438; 1 drivers
v0x9722eb8_0 .net "mux_1_out", 3 0, L_0x97284d8; 1 drivers
L_0x9728488 .part L_0x9728770, 0, 1;
L_0x9728538 .part L_0x9728770, 0, 1;
L_0x9728720 .part L_0x9728770, 1, 1;
S_0x9722908 .scope module, "MUX_0" "mux_2to1" 4 21, 5 9, S_0x96fe4b8;
 .timescale -9 -12;
P_0x972298c .param/l "N" 5 11, +C4<0100>;
v0x97229e8_0 .net "S", 0 0, L_0x9728488; 1 drivers
v0x9722a48_0 .alias "X", 3 0, v0x97266c0_0;
v0x9722aa8_0 .alias "Y", 3 0, v0x9726778_0;
v0x9722b08_0 .alias "Z", 3 0, v0x9722e30_0;
L_0x9728438 .functor MUXZ 4, L_0x9727320, L_0x9727828, L_0x9728488, C4<>;
S_0x9722678 .scope module, "MUX_1" "mux_2to1" 4 22, 5 9, S_0x96fe4b8;
 .timescale -9 -12;
P_0x97226fc .param/l "N" 5 11, +C4<0100>;
v0x9722768_0 .net "S", 0 0, L_0x9728538; 1 drivers
v0x97227d8_0 .alias "X", 3 0, v0x9726670_0;
v0x9722838_0 .alias "Y", 3 0, v0x97268f0_0;
v0x9722898_0 .alias "Z", 3 0, v0x9722eb8_0;
L_0x97284d8 .functor MUXZ 4, L_0x9727cc8, L_0x9728200, L_0x9728538, C4<>;
S_0x96f6aa0 .scope module, "MUX_2" "mux_2to1" 4 23, 5 9, S_0x96fe4b8;
 .timescale -9 -12;
P_0x96c6c04 .param/l "N" 5 11, +C4<0100>;
v0x96c7e90_0 .net "S", 0 0, L_0x9728720; 1 drivers
v0x9722550_0 .alias "X", 3 0, v0x9722e30_0;
v0x97225b0_0 .alias "Y", 3 0, v0x9722eb8_0;
v0x9722610_0 .alias "Z", 3 0, v0x9726f50_0;
L_0x9728588 .functor MUXZ 4, L_0x9728438, L_0x97284d8, L_0x9728720, C4<>;
    .scope S_0x96f7648;
T_0 ;
    %vpi_call 2 75 "$dumpfile", "mux_16to1_test.vcd";
    %vpi_call 2 76 "$dumpvars", 1'sb0, S_0x96f7648;
    %set/v v0x9726ff0_0, 0, 4;
    %set/v v0x97267c8_0, 0, 4;
    %movi 8, 1, 4;
    %set/v v0x9726a08_0, 8, 4;
    %movi 8, 2, 4;
    %set/v v0x9726a58_0, 8, 4;
    %movi 8, 3, 4;
    %set/v v0x9726aa8_0, 8, 4;
    %movi 8, 4, 4;
    %set/v v0x9726af8_0, 8, 4;
    %movi 8, 5, 4;
    %set/v v0x9726b48_0, 8, 4;
    %movi 8, 6, 4;
    %set/v v0x9726b98_0, 8, 4;
    %movi 8, 7, 4;
    %set/v v0x9726be8_0, 8, 4;
    %movi 8, 8, 4;
    %set/v v0x9726c38_0, 8, 4;
    %movi 8, 9, 4;
    %set/v v0x9726c88_0, 8, 4;
    %movi 8, 10, 4;
    %set/v v0x9726cd8_0, 8, 4;
    %movi 8, 11, 4;
    %set/v v0x9726d28_0, 8, 4;
    %movi 8, 12, 4;
    %set/v v0x9726d78_0, 8, 4;
    %movi 8, 13, 4;
    %set/v v0x9726dc8_0, 8, 4;
    %movi 8, 14, 4;
    %set/v v0x9726e18_0, 8, 4;
    %set/v v0x9726e68_0, 1, 4;
    %set/v v0x9726f00_0, 0, 4;
    %delay 100000, 0;
    %set/v v0x9726ff0_0, 0, 4;
T_0.0 ;
    %load/v 8, v0x9726ff0_0, 4;
    %mov 12, 0, 3;
   %cmpi/u 8, 16, 7;
    %jmp/0xz T_0.1, 5;
    %load/v 8, v0x9726ff0_0, 4;
    %set/v v0x9726f00_0, 8, 4;
    %delay 100000, 0;
    %vpi_call 2 105 "$display", "Input: %b ; Output; %b", v0x9726f00_0, v0x9726f50_0;
    %load/v 8, v0x9726f00_0, 4;
    %load/v 12, v0x9726f50_0, 4;
    %cmp/u 8, 12, 4;
    %jmp/0xz  T_0.2, 4;
    %vpi_call 2 107 "$display", "Input equals output: OK";
T_0.2 ;
    %load/v 8, v0x9726ff0_0, 4;
    %mov 12, 0, 28;
    %addi 8, 1, 32;
    %set/v v0x9726ff0_0, 8, 4;
    %jmp T_0.0;
T_0.1 ;
    %vpi_call 2 110 "$finish";
    %end;
    .thread T_0;
# The file index is used to find the file name in the following table.
:file_names 6;
    "N/A";
    "<interactive>";
    "mux_16to1_test.v";
    ".//mux_16to1.v";
    ".//mux_4to1.v";
    ".//mux_2to1.v";
