INFO:sim:172 - Generating IP...
Resolving generics for 'clock_generator'...
Applying external generics to 'clock_generator'...
Delivering associated files for 'clock_generator'...
Delivered 4 files into directory
/home/avinash/src/hdl/mips/synthesis_rig/ipcore_dir/tmp/_cg/clock_generator
Delivered 1 file into directory
/home/avinash/src/hdl/mips/synthesis_rig/ipcore_dir/tmp/_cg/clock_generator
Generating ASY schematic symbol...
Loading device for application Rf_Device from file '6slx45.nph' in environment
/mnt/bulk/xilinx/13.4/ISE_DS/ISE/.
INFO:sim:949 - Finished generation of ASY schematic symbol.
Generating SYM schematic symbol for 'clock_generator'...
Generating ISE project...
XCO file found: clock_generator.xco
XMDF file found: clock_generator_xmdf.tcl
Adding
/home/avinash/src/hdl/mips/synthesis_rig/ipcore_dir/tmp/_cg/clock_generator/cloc
k_generator.ucf -view all -origin_type created
Adding
/home/avinash/src/hdl/mips/synthesis_rig/ipcore_dir/tmp/_cg/clock_generator/exam
ple_design/clock_generator_exdes.v -view all -origin_type created
INFO:HDLCompiler:1845 - Analyzing Verilog file
   "/home/avinash/src/hdl/mips/synthesis_rig/ipcore_dir/tmp/_cg/clock_generator/
   example_design/clock_generator_exdes.v" into library work
INFO:ProjectMgmt - Parsing design hierarchy completed successfully.
Adding
/home/avinash/src/hdl/mips/synthesis_rig/ipcore_dir/tmp/_cg/clock_generator.asy
-view all -origin_type imported
Adding
/home/avinash/src/hdl/mips/synthesis_rig/ipcore_dir/tmp/_cg/clock_generator.v
-view all -origin_type created
INFO:HDLCompiler:1845 - Analyzing Verilog file
   "/home/avinash/src/hdl/mips/synthesis_rig/ipcore_dir/tmp/_cg/clock_generator.
   v" into library work
INFO:ProjectMgmt - Parsing design hierarchy completed successfully.
Adding
/home/avinash/src/hdl/mips/synthesis_rig/ipcore_dir/tmp/_cg/clock_generator.veo
-view all -origin_type imported
WARNING:coreutil - WARNING: This core does not have a top level called
   "/clock_generator"
   WARNING: Top level has been set to "/clock_generator_exdes"
Generating README file...
Generating FLIST file...
INFO:sim:948 - Finished FLIST file generation.
Launching README viewer...
Moving files to output directory...
Finished moving files to output directory
Wrote CGP file for project 'clock_generator'.
